[LOG] System::create                           : Header version = 1.08.13. Current version = 1.08.13.
[LOG] SystemI::init                            : FMOD Studio Version: 00010813 (80479)
[LOG] SystemI::init                            : maxchannels = 256, flags = 00020000, extradriverdata = 0000000000000000
[LOG] SystemI::close                           : 
[LOG] SystemI::close                           : Stop all sounds
[LOG] SystemI::close                           : done.

[LOG] OutputWASAPI::init                       : Mix Format (WAVEFORMATEX): wFormatTag=0xFFFE, nChannels=2, nSamplesPerSec=48000, nAvgBytesPerSec=384000, nBlockAlign=8, wBitsPerSample=32, cbSize=22.
[LOG] OutputWASAPI::init                       : Mix Format (WAVEFORMATEXTENSIBLE): wValidBitsPerSample=32, dwChannelMask=0x00000003, SubFormat=00000003-0000-0010-8000-00AA00389B71.
[LOG] OutputWASAPI::init                       : Output buffer size: 4096 samples, latency: 0.00ms, period: 10.00ms, DSP buffer: 1024 * 4
[LOG] Thread::initThread                       : Initializing FMOD mixer thread.  priority 3
[LOG] Thread::initThread                       : - Stacksize 49152.  Stack pointer 0000000000000000 : usesemaphore = 0 : sleeptime = 0
[LOG] Thread::callback                         : * FMOD mixer thread started
[LOG] SystemI::init                            : Set up emulated output
[LOG] SystemI::init                            : create the channel pool
[LOG] Thread::initThread                       : Initializing FMOD stream thread.  priority 2
[LOG] Thread::initThread                       : - Stacksize 65536.  Stack pointer 0000000000000000 : usesemaphore = 0 : sleeptime = 10
[LOG] Thread::callback                         : * FMOD stream thread started
[LOG] Thread::initThread                       : Initializing FMOD Studio sample load thread.  priority 0
[LOG] Thread::initThread                       : - Stacksize 65536.  Stack pointer 0000000000000000 : usesemaphore = 0 : sleeptime = 1
[LOG] Thread::callback                         : * FMOD Studio sample load thread started
[LOG] Thread::initThread                       : Initializing FMOD Studio bank load thread.  priority 0
[LOG] Thread::initThread                       : - Stacksize 65536.  Stack pointer 0000000000000000 : usesemaphore = 0 : sleeptime = 1
[LOG] Thread::callback                         : * FMOD Studio bank load thread started
[LOG] Manager::readBank                        : fileversion = 80, compatVersion = 70 (oldest = 44, newest = 80)
[LOG] Manager::readBank                        : fileversion = 80, compatVersion = 70 (oldest = 44, newest = 80)
[LOG] SystemI::createSound                     : filename = Sons FMOD/Build\Desktop/Master Bank.bank : mode 02010082
[LOG] SystemI::createSound                     : FMOD_NONBLOCKING specified.  Putting into queue to be opened asynchronously!
[LOG] SystemI::createSound                     : setdata soundi = 0000000048585898 : node = 000000000CBF9BB0
[LOG] SystemI::createSound                     : add node to async list : head = 000000004827FAE8.  list count = 0
[LOG] AsyncThread::threadFunc                  : Starting Asynchronous operation on sound 0000000048585898
[LOG] SystemI::createSoundInternal             :     filename = Sons FMOD/Build\Desktop/Master Bank.bank : mode 02010082
[LOG] SystemI::createSoundInternal             :     exinfo->cbsize             = 232
[LOG] SystemI::createSoundInternal             :     exinfo->length             = 54324128
[LOG] SystemI::createSoundInternal             :     exinfo->fileoffset         = 24992
[LOG] SystemI::createSoundInternal             :     exinfo->numsubsounds       = 1
[LOG] SystemI::createSoundInternal             :     exinfo->inclusionlist      = 000000000CBF9CC8
[LOG] SystemI::createSoundInternal             :     exinfo->inclusionlistnum   = 1
[LOG] SystemI::createSoundInternal             :     exinfo->suggestedsoundtype = 5
[LOG] SystemI::createSoundInternal             :     exinfo->initialseekpostype = 1
[LOG] SystemI::createSoundInternal             :     Format has 1 subsounds.
[LOG] SystemI::createSoundInternal             :     Create as FMOD_CREATESTREAM
[LOG] System::createSoundInternal              :     decode buffersize = 19200 : blocksize = 256 : format = 2
[LOG] SystemI::createSample                    :     mode 02010082 length 19200 samples, lengthbytes 368960
[LOG] SystemI::createSample                    :     channels = 2
[LOG] SystemI::createSample                    :     output = 00000000386F7C78
[LOG] OutputSoftware::createSample             :     lengthpcm 19200, lengthbytes 368960, channels 2, format 2, freq 48000, mode 0201008a
[LOG] System::createSoundInternal              :     1 subsounds detected.
[LOG] System::createSoundInternal              :     Seek stream to start
[LOG] System::createSoundInternal              :     flush stream buffer
[LOG] System::createSoundInternal              :     flush successful.
[LOG] System::createSoundInternal              :     switch file handle from small blocking single buffered to large nonblocking doublebuffered.
[LOG] SystemI::createSoundInternal             :     done.  OpenState now = FMOD_OPENSTATE_READY.

[LOG] AsyncThread::threadFunc                  : Finished Asynchronous operation on sound 0000000048585898
[LOG] SoundI::getSubSound                      : sound 0000000048585898.  Subsound index 0 / 1
[LOG] SoundI::release                          : Canto do Uiraparu - 20_10_16 20.33 (00000000387CD0E8)
[LOG] SoundI::release                          : remove stream samples. (00000000387CD0E8)
[LOG] SoundI::release                          :     Canto do Uiraparu - 20_10_16 20.33 (0000000048531DD8)
[LOG] SoundI::release                          : release subsounds. (00000000387CD0E8)
[LOG] SoundI::release                          :     Canto do Uiraparu - 20_10_16 20.33 (0000000048584B98)
[LOG] SoundI::release                          : release codec. (00000000387CD0E8)
[LOG] SystemI::createSoundInternal             : filename =  : mode 02000202
[LOG] SystemI::createSoundInternal             : exinfo->cbsize             = 232
[LOG] SystemI::createSoundInternal             : exinfo->length             = 54324128
[LOG] SystemI::createSoundInternal             : exinfo->fileoffset         = 24992
[LOG] SystemI::createSoundInternal             : exinfo->numsubsounds       = 1
[LOG] SystemI::createSoundInternal             : exinfo->inclusionlist      = 000000004D5FFB38
[LOG] SystemI::createSoundInternal             : exinfo->inclusionlistnum   = 1
[LOG] SystemI::createSoundInternal             : exinfo->suggestedsoundtype = 5
[LOG] SystemI::createSoundInternal             : exinfo->useropen           = 00007FFD6CC84C00
[LOG] SystemI::createSoundInternal             : exinfo->userclose          = 00007FFD6CC84BD0
[LOG] SystemI::createSoundInternal             : exinfo->userread           = 00007FFD6CC84CD0
[LOG] SystemI::createSoundInternal             : exinfo->userseek           = 00007FFD6CC84D80
[LOG] SystemI::createSoundInternal             : exinfo->fileuserdata       = 00000000387EA068
[LOG] SystemI::createSoundInternal             : exinfo->initialseekpostype = 1
[LOG] SystemI::createSoundInternal             : Format has 1 subsounds.
[LOG] SystemI::createSoundInternal             : Create as FMOD_CREATESAMPLE
[LOG] SystemI::createSoundInternal             : Multi-sample sound (1 subsounds), create a sample container.
[LOG] SystemI::createSoundInternal             : creating subsound 0/1
[LOG] SystemI::createSample                    : mode 02000202 length 164175 samples, lengthbytes 26112
[LOG] SystemI::createSample                    : channels = 2
[LOG] SystemI::createSample                    : output = 00000000386F7C78
[LOG] OutputSoftware::createSample             : lengthpcm 164175, lengthbytes 26112, channels 2, format 2, freq 48000, mode 0200020a
[LOG] SystemI::createSoundInternal             : No name found in file, use filename.
[LOG] SystemI::createSoundInternal             : done.  OpenState now = FMOD_OPENSTATE_READY.

[LOG] SoundI::release                          : Forest+ambient,Forest+birds,Cicadas+and+Bee+Colony (00000000387CCA68)
[LOG] SoundI::release                          : remove stream samples. (00000000387CCA68)
[LOG] SoundI::release                          :     Forest+ambient,Forest+birds,Cicadas+and+Bee+Colony (0000000048530988)
[LOG] SoundI::release                          : release subsounds. (00000000387CCA68)
[LOG] SoundI::release                          :     Forest+ambient,Forest+birds,Cicadas+and+Bee+Colony (0000000048584038)
[LOG] SoundI::release                          : release codec. (00000000387CCA68)
[LOG] SoundI::release                          : Cricket+sound+effect+(2) (00000000387CCF48)
[LOG] SoundI::release                          : remove stream samples. (00000000387CCF48)
[LOG] SoundI::release                          :     Cricket+sound+effect+(2) (0000000048531608)
[LOG] SoundI::release                          : release subsounds. (00000000387CCF48)
[LOG] SoundI::release                          :     Cricket+sound+effect+(2) (000000000CBEAE88)
[LOG] SoundI::release                          : release codec. (00000000387CCF48)
[LOG] SoundI::release                          : Gentle+Waves+&amp;+Lapping+Water+Sounds+SOUND+EFFECT (00000000387CC8C8)
[LOG] SoundI::release                          : remove stream samples. (00000000387CC8C8)
[LOG] SoundI::release                          :     Gentle+Waves+&amp;+Lapping+Water+Sounds+SOUND+EFFECT (0000000048531C48)
[LOG] SoundI::release                          : release subsounds. (00000000387CC8C8)
[LOG] SoundI::release                          :     Gentle+Waves+&amp;+Lapping+Water+Sounds+SOUND+EFFECT (000000001BA57488)
[LOG] SoundI::release                          : release codec. (00000000387CC8C8)
[LOG] SoundI::release                          : Canto do Uiraparu - 20_10_16 20.33 (0000000048585898)
[LOG] SoundI::release                          : remove stream samples. (0000000048585898)
[LOG] SoundI::release                          :     Canto do Uiraparu - 20_10_16 20.33 (0000000048530FC8)
[LOG] SoundI::release                          : release subsounds. (0000000048585898)
[LOG] SoundI::release                          :     Canto do Uiraparu - 20_10_16 20.33 (0000000048585BD8)
[LOG] SoundI::release                          : release codec. (0000000048585898)
[LOG] SoundI::release                          :  (000000000CA05D78)
[LOG] SoundI::release                          : release subsounds. (000000000CA05D78)
[LOG] SoundI::release                          :     Canto Uirapuru 1 (0000000048531AB8)
[LOG] SoundI::release                          : release codec. (000000000CA05D78)
[LOG] Thread::callback                         : * FMOD Studio update thread finished
[LOG] Thread::close                            : FMOD Studio update thread thread destroyed
[LOG] Thread::callback                         : * FMOD Studio bank load thread finished
[LOG] Thread::close                            : FMOD Studio bank load thread thread destroyed
[LOG] Profile::disconnectAll                   : Profiler disconnecting all clients
[LOG] Thread::callback                         : * FMOD Studio sample load thread finished
[LOG] Thread::close                            : FMOD Studio sample load thread thread destroyed
[LOG] LiveUpdate::release                      : 
[LOG] LiveUpdate::reset                        : Reset connection (reason Disconnected)
[LOG] SystemI::close                           : 
[LOG] SystemI::close                           : Stop all sounds
[LOG] Thread::callback                         : * FMOD stream thread finished
[LOG] Thread::close                            : FMOD stream thread thread destroyed
[LOG] SystemI::close                           : Stream thread destroyed
[LOG] Thread::callback                         : * FMOD mixer thread finished
[LOG] Thread::close                            : FMOD mixer thread thread destroyed
[LOG] SystemI::close                           : Free master channel group.
[LOG] SystemI::close                           : Remove 'master' sound group.
[LOG] SystemI::close                           : Free software output.
[LOG] SystemI::close                           : Free emulated output.
[LOG] SystemI::close                           : Free channel pool.
[LOG] SystemI::close                           : done.

[LOG] Manager::readBank                        : fileversion = 80, compatVersion = 70 (oldest = 44, newest = 80)
[LOG] Manager::readBank                        : fileversion = 80, compatVersion = 70 (oldest = 44, newest = 80)
[LOG] Manager::readBank                        : fileversion = 80, compatVersion = 70 (oldest = 44, newest = 80)
[LOG] Manager::readBank                        : fileversion = 80, compatVersion = 70 (oldest = 44, newest = 80)
[LOG] Manager::readBank                        : fileversion = 80, compatVersion = 70 (oldest = 44, newest = 80)
[LOG] Manager::readBank                        : fileversion = 80, compatVersion = 70 (oldest = 44, newest = 80)
[LOG] PlaybackSystem::acquireMasterBus         : Setting master channel group format to 6
[LOG] Thread::callback                         : * FMOD Studio bank load thread finished
[LOG] Thread::close                            : FMOD Studio bank load thread thread destroyed
[LOG] Thread::callback                         : * FMOD Studio sample load thread finished
[LOG] Thread::close                            : FMOD Studio sample load thread thread destroyed
[LOG] LiveUpdate::release                      : 
[LOG] LiveUpdate::reset                        : Reset connection (reason Disconnected)
[LOG] SystemI::close                           : 
[LOG] SystemI::close                           : Stop all sounds
[LOG] Thread::callback                         : * FMOD stream thread finished
[LOG] Thread::close                            : FMOD stream thread thread destroyed
[LOG] SystemI::close                           : Stream thread destroyed
[LOG] Thread::callback                         : * FMOD mixer thread finished
[LOG] Thread::close                            : FMOD mixer thread thread destroyed
[LOG] SystemI::close                           : Free master channel group.
[LOG] SystemI::close                           : Remove 'master' sound group.
[LOG] SystemI::close                           : Free software output.
[LOG] SystemI::close                           : Free emulated output.
[LOG] SystemI::close                           : Free channel pool.
[LOG] Thread::callback                         : * FMOD nonblocking thread (0) finished
[LOG] Thread::close                            : FMOD nonblocking thread (0) thread destroyed
[LOG] Thread::callback                         : * FMOD file thread finished
[LOG] Thread::close                            : FMOD file thread thread destroyed
[LOG] SystemI::close                           : done.

[LOG] System::create                           : Header version = 1.08.13. Current version = 1.08.13.
